# JRE version: Java(TM) SE Runtime Environment (8.0_172-b11) (build 1.8.0_172-b11)
# Java VM: Java HotSpot(TM) 64-Bit Server VM (25.172-b11 mixed mode linux-amd64 compressed oops)
Heap:
 PSYoungGen      total 420864K, used 3248K [0x00000000d7700000, 0x00000000f2700000, 0x0000000100000000)
  eden space 399872K, 0% used [0x00000000d7700000,0x00000000d7700000,0x00000000efd80000)
  from space 20992K, 15% used [0x00000000efe00000,0x00000000f012c140,0x00000000f1280000)
  to   space 14848K, 0% used [0x00000000f1880000,0x00000000f1880000,0x00000000f2700000)
 ParOldGen       total 87040K, used 37153K [0x0000000086400000, 0x000000008b900000, 0x00000000d7700000)
  object space 87040K, 42% used [0x0000000086400000,0x0000000088848640,0x000000008b900000)
 Metaspace       used 56530K, capacity 58958K, committed 59008K, reserved 1099776K
  class space    used 7363K, capacity 7790K, committed 7808K, reserved 1048576K
GC Heap History (10 events):
Event: 4.912 GC heap after
Heap after GC invocations=10 (full 1):
 PSYoungGen      total 250368K, used 12769K [0x00000000d7700000, 0x00000000ec700000, 0x0000000100000000)
  eden space 237568K, 0% used [0x00000000d7700000,0x00000000d7700000,0x00000000e5f00000)
  from space 12800K, 99% used [0x00000000e5f00000,0x00000000e6b78788,0x00000000e6b80000)
  to   space 15872K, 0% used [0x00000000eb780000,0x00000000eb780000,0x00000000ec700000)
 ParOldGen       total 48128K, used 17792K [0x0000000086400000, 0x0000000089300000, 0x00000000d7700000)
  object space 48128K, 36% used [0x0000000086400000,0x0000000087560278,0x0000000089300000)
 Metaspace       used 26873K, capacity 27776K, committed 27904K, reserved 1073152K
  class space    used 3351K, capacity 3555K, committed 3584K, reserved 1048576K
}
Event: 6.968 GC heap before
{Heap before GC invocations=11 (full 1):
 PSYoungGen      total 250368K, used 220911K [0x00000000d7700000, 0x00000000ec700000, 0x0000000100000000)
  eden space 237568K, 87% used [0x00000000d7700000,0x00000000e4243588,0x00000000e5f00000)
  from space 12800K, 99% used [0x00000000e5f00000,0x00000000e6b78788,0x00000000e6b80000)
  to   space 15872K, 0% used [0x00000000eb780000,0x00000000eb780000,0x00000000ec700000)
 ParOldGen       total 48128K, used 17792K [0x0000000086400000, 0x0000000089300000, 0x00000000d7700000)
  object space 48128K, 36% used [0x0000000086400000,0x0000000087560278,0x0000000089300000)
 Metaspace       used 33913K, capacity 35286K, committed 35416K, reserved 1081344K
  class space    used 4286K, capacity 4558K, committed 4608K, reserved 1048576K
Event: 6.992 GC heap after
Heap after GC invocations=11 (full 1):
 PSYoungGen      total 324608K, used 15871K [0x00000000d7700000, 0x00000000ee500000, 0x0000000100000000)
  eden space 308736K, 0% used [0x00000000d7700000,0x00000000d7700000,0x00000000ea480000)
  from space 15872K, 99% used [0x00000000eb780000,0x00000000ec6ffc58,0x00000000ec700000)
  to   space 19456K, 0% used [0x00000000ea480000,0x00000000ea480000,0x00000000eb780000)
 ParOldGen       total 48128K, used 22284K [0x0000000086400000, 0x0000000089300000, 0x00000000d7700000)
  object space 48128K, 46% used [0x0000000086400000,0x00000000879c33d0,0x0000000089300000)
 Metaspace       used 33913K, capacity 35286K, committed 35416K, reserved 1081344K
  class space    used 4286K, capacity 4558K, committed 4608K, reserved 1048576K
}
Event: 6.992 GC heap before
{Heap before GC invocations=12 (full 2):
 PSYoungGen      total 324608K, used 15871K [0x00000000d7700000, 0x00000000ee500000, 0x0000000100000000)
  eden space 308736K, 0% used [0x00000000d7700000,0x00000000d7700000,0x00000000ea480000)
  from space 15872K, 99% used [0x00000000eb780000,0x00000000ec6ffc58,0x00000000ec700000)
  to   space 19456K, 0% used [0x00000000ea480000,0x00000000ea480000,0x00000000eb780000)
 ParOldGen       total 48128K, used 22284K [0x0000000086400000, 0x0000000089300000, 0x00000000d7700000)
  object space 48128K, 46% used [0x0000000086400000,0x00000000879c33d0,0x0000000089300000)
 Metaspace       used 33913K, capacity 35286K, committed 35416K, reserved 1081344K
  class space    used 4286K, capacity 4558K, committed 4608K, reserved 1048576K
Event: 7.112 GC heap after
Heap after GC invocations=12 (full 2):
 PSYoungGen      total 324608K, used 0K [0x00000000d7700000, 0x00000000ee500000, 0x0000000100000000)
  eden space 308736K, 0% used [0x00000000d7700000,0x00000000d7700000,0x00000000ea480000)
  from space 15872K, 0% used [0x00000000eb780000,0x00000000eb780000,0x00000000ec700000)
  to   space 19456K, 0% used [0x00000000ea480000,0x00000000ea480000,0x00000000eb780000)
 ParOldGen       total 87040K, used 26312K [0x0000000086400000, 0x000000008b900000, 0x00000000d7700000)
  object space 87040K, 30% used [0x0000000086400000,0x0000000087db2098,0x000000008b900000)
 Metaspace       used 33913K, capacity 35286K, committed 35416K, reserved 1081344K
  class space    used 4286K, capacity 4558K, committed 4608K, reserved 1048576K
}
Event: 9.664 GC heap before
{Heap before GC invocations=13 (full 2):
 PSYoungGen      total 324608K, used 308736K [0x00000000d7700000, 0x00000000ee500000, 0x0000000100000000)
  eden space 308736K, 100% used [0x00000000d7700000,0x00000000ea480000,0x00000000ea480000)
  from space 15872K, 0% used [0x00000000eb780000,0x00000000eb780000,0x00000000ec700000)
  to   space 19456K, 0% used [0x00000000ea480000,0x00000000ea480000,0x00000000eb780000)
 ParOldGen       total 87040K, used 26312K [0x0000000086400000, 0x000000008b900000, 0x00000000d7700000)
  object space 87040K, 30% used [0x0000000086400000,0x0000000087db2098,0x000000008b900000)
 Metaspace       used 45527K, capacity 47118K, committed 47488K, reserved 1091584K
  class space    used 5883K, capacity 6192K, committed 6272K, reserved 1048576K
Event: 9.681 GC heap after
Heap after GC invocations=13 (full 2):
 PSYoungGen      total 328192K, used 13122K [0x00000000d7700000, 0x00000000f2c80000, 0x0000000100000000)
  eden space 308736K, 0% used [0x00000000d7700000,0x00000000d7700000,0x00000000ea480000)
  from space 19456K, 67% used [0x00000000ea480000,0x00000000eb1508f0,0x00000000eb780000)
  to   space 20480K, 0% used [0x00000000f1880000,0x00000000f1880000,0x00000000f2c80000)
 ParOldGen       total 87040K, used 26328K [0x0000000086400000, 0x000000008b900000, 0x00000000d7700000)
  object space 87040K, 30% used [0x0000000086400000,0x0000000087db60a8,0x000000008b900000)
 Metaspace       used 45527K, capacity 47118K, committed 47488K, reserved 1091584K
  class space    used 5883K, capacity 6192K, committed 6272K, reserved 1048576K
}
Event: 12.465 GC heap before
{Heap before GC invocations=14 (full 2):
 PSYoungGen      total 328192K, used 321858K [0x00000000d7700000, 0x00000000f2c80000, 0x0000000100000000)
  eden space 308736K, 100% used [0x00000000d7700000,0x00000000ea480000,0x00000000ea480000)
  from space 19456K, 67% used [0x00000000ea480000,0x00000000eb1508f0,0x00000000eb780000)
  to   space 20480K, 0% used [0x00000000f1880000,0x00000000f1880000,0x00000000f2c80000)
 ParOldGen       total 87040K, used 26328K [0x0000000086400000, 0x000000008b900000, 0x00000000d7700000)
  object space 87040K, 30% used [0x0000000086400000,0x0000000087db60a8,0x000000008b900000)
 Metaspace       used 55041K, capacity 57382K, committed 57600K, reserved 1099776K
  class space    used 7167K, capacity 7590K, committed 7680K, reserved 1048576K
Event: 12.493 GC heap after
Heap after GC invocations=14 (full 2):
 PSYoungGen      total 414720K, used 14622K [0x00000000d7700000, 0x00000000f2700000, 0x0000000100000000)
  eden space 399872K, 0% used [0x00000000d7700000,0x00000000d7700000,0x00000000efd80000)
  from space 14848K, 98% used [0x00000000f1880000,0x00000000f26c78a8,0x00000000f2700000)
  to   space 20992K, 0% used [0x00000000efe00000,0x00000000efe00000,0x00000000f1280000)
 ParOldGen       total 87040K, used 31194K [0x0000000086400000, 0x000000008b900000, 0x00000000d7700000)
  object space 87040K, 35% used [0x0000000086400000,0x0000000088276a08,0x000000008b900000)
 Metaspace       used 55041K, capacity 57382K, committed 57600K, reserved 1099776K
  class space    used 7167K, capacity 7590K, committed 7680K, reserved 1048576K
}
Event: 35.438 GC heap before
{Heap before GC invocations=15 (full 2):
 PSYoungGen      total 414720K, used 151071K [0x00000000d7700000, 0x00000000f2700000, 0x0000000100000000)
  eden space 399872K, 34% used [0x00000000d7700000,0x00000000dfc40360,0x00000000efd80000)
  from space 14848K, 98% used [0x00000000f1880000,0x00000000f26c78a8,0x00000000f2700000)
  to   space 20992K, 0% used [0x00000000efe00000,0x00000000efe00000,0x00000000f1280000)
 ParOldGen       total 87040K, used 31194K [0x0000000086400000, 0x000000008b900000, 0x00000000d7700000)
  object space 87040K, 35% used [0x0000000086400000,0x0000000088276a08,0x000000008b900000)
 Metaspace       used 56530K, capacity 58958K, committed 59008K, reserved 1099776K
  class space    used 7363K, capacity 7790K, committed 7808K, reserved 1048576K

