# JRE version: Java(TM) SE Runtime Environment (8.0_172-b11) (build 1.8.0_172-b11)
# Java VM: Java HotSpot(TM) 64-Bit Server VM (25.172-b11 mixed mode linux-amd64 compressed oops)
Heap:
 PSYoungGen      total 227328K, used 16877K [0x00000000d7700000, 0x00000000e6c80000, 0x0000000100000000)
  eden space 210432K, 0% used [0x00000000d7700000,0x00000000d7700000,0x00000000e4480000)
  from space 16896K, 99% used [0x00000000e4480000,0x00000000e54fb538,0x00000000e5500000)
  to   space 10752K, 0% used [0x00000000e5500000,0x00000000e5500000,0x00000000e5f80000)
 ParOldGen       total 48128K, used 25906K [0x0000000086400000, 0x0000000089300000, 0x00000000d7700000)
  object space 48128K, 53% used [0x0000000086400000,0x0000000087d4c9d0,0x0000000089300000)
 Metaspace       used 33167K, capacity 34566K, committed 34812K, reserved 1079296K
  class space    used 4281K, capacity 4562K, committed 4604K, reserved 1048576K
GC Heap History (10 events):
Event: 1.687 GC heap after
Heap after GC invocations=5 (full 0):
 PSYoungGen      total 67584K, used 5118K [0x00000000d7700000, 0x00000000e0200000, 0x0000000100000000)
  eden space 62464K, 0% used [0x00000000d7700000,0x00000000d7700000,0x00000000db400000)
  from space 5120K, 99% used [0x00000000db400000,0x00000000db8ffa90,0x00000000db900000)
  to   space 8704K, 0% used [0x00000000df980000,0x00000000df980000,0x00000000e0200000)
 ParOldGen       total 83456K, used 4672K [0x0000000086400000, 0x000000008b580000, 0x00000000d7700000)
  object space 83456K, 5% used [0x0000000086400000,0x0000000086890268,0x000000008b580000)
 Metaspace       used 20630K, capacity 21228K, committed 21552K, reserved 1069056K
  class space    used 2655K, capacity 2819K, committed 2864K, reserved 1048576K
}
Event: 1.744 GC heap before
{Heap before GC invocations=6 (full 0):
 PSYoungGen      total 67584K, used 14992K [0x00000000d7700000, 0x00000000e0200000, 0x0000000100000000)
  eden space 62464K, 15% used [0x00000000d7700000,0x00000000d80a48e0,0x00000000db400000)
  from space 5120K, 99% used [0x00000000db400000,0x00000000db8ffa90,0x00000000db900000)
  to   space 8704K, 0% used [0x00000000df980000,0x00000000df980000,0x00000000e0200000)
 ParOldGen       total 83456K, used 4672K [0x0000000086400000, 0x000000008b580000, 0x00000000d7700000)
  object space 83456K, 5% used [0x0000000086400000,0x0000000086890268,0x000000008b580000)
 Metaspace       used 20957K, capacity 21484K, committed 21628K, reserved 1069056K
  class space    used 2698K, capacity 2883K, committed 2940K, reserved 1048576K
Event: 1.749 GC heap after
Heap after GC invocations=6 (full 0):
 PSYoungGen      total 132608K, used 5254K [0x00000000d7700000, 0x00000000e0100000, 0x0000000100000000)
  eden space 124928K, 0% used [0x00000000d7700000,0x00000000d7700000,0x00000000df100000)
  from space 7680K, 68% used [0x00000000df980000,0x00000000dfea1920,0x00000000e0100000)
  to   space 8192K, 0% used [0x00000000df100000,0x00000000df100000,0x00000000df900000)
 ParOldGen       total 83456K, used 4680K [0x0000000086400000, 0x000000008b580000, 0x00000000d7700000)
  object space 83456K, 5% used [0x0000000086400000,0x0000000086892268,0x000000008b580000)
 Metaspace       used 20957K, capacity 21484K, committed 21628K, reserved 1069056K
  class space    used 2698K, capacity 2883K, committed 2940K, reserved 1048576K
}
Event: 1.749 GC heap before
{Heap before GC invocations=7 (full 1):
 PSYoungGen      total 132608K, used 5254K [0x00000000d7700000, 0x00000000e0100000, 0x0000000100000000)
  eden space 124928K, 0% used [0x00000000d7700000,0x00000000d7700000,0x00000000df100000)
  from space 7680K, 68% used [0x00000000df980000,0x00000000dfea1920,0x00000000e0100000)
  to   space 8192K, 0% used [0x00000000df100000,0x00000000df100000,0x00000000df900000)
 ParOldGen       total 83456K, used 4680K [0x0000000086400000, 0x000000008b580000, 0x00000000d7700000)
  object space 83456K, 5% used [0x0000000086400000,0x0000000086892268,0x000000008b580000)
 Metaspace       used 20957K, capacity 21484K, committed 21628K, reserved 1069056K
  class space    used 2698K, capacity 2883K, committed 2940K, reserved 1048576K
Event: 1.777 GC heap after
Heap after GC invocations=7 (full 1):
 PSYoungGen      total 132608K, used 0K [0x00000000d7700000, 0x00000000e0100000, 0x0000000100000000)
  eden space 124928K, 0% used [0x00000000d7700000,0x00000000d7700000,0x00000000df100000)
  from space 7680K, 0% used [0x00000000df980000,0x00000000df980000,0x00000000e0100000)
  to   space 8192K, 0% used [0x00000000df100000,0x00000000df100000,0x00000000df900000)
 ParOldGen       total 48128K, used 5659K [0x0000000086400000, 0x0000000089300000, 0x00000000d7700000)
  object space 48128K, 11% used [0x0000000086400000,0x0000000086986cd0,0x0000000089300000)
 Metaspace       used 20957K, capacity 21484K, committed 21628K, reserved 1069056K
  class space    used 2698K, capacity 2883K, committed 2940K, reserved 1048576K
}
Event: 2.356 GC heap before
{Heap before GC invocations=8 (full 1):
 PSYoungGen      total 132608K, used 124928K [0x00000000d7700000, 0x00000000e0100000, 0x0000000100000000)
  eden space 124928K, 100% used [0x00000000d7700000,0x00000000df100000,0x00000000df100000)
  from space 7680K, 0% used [0x00000000df980000,0x00000000df980000,0x00000000e0100000)
  to   space 8192K, 0% used [0x00000000df100000,0x00000000df100000,0x00000000df900000)
 ParOldGen       total 48128K, used 5659K [0x0000000086400000, 0x0000000089300000, 0x00000000d7700000)
  object space 48128K, 11% used [0x0000000086400000,0x0000000086986cd0,0x0000000089300000)
 Metaspace       used 24370K, capacity 25140K, committed 25340K, reserved 1071104K
  class space    used 3116K, capacity 3309K, committed 3324K, reserved 1048576K
Event: 2.380 GC heap after
Heap after GC invocations=8 (full 1):
 PSYoungGen      total 133120K, used 8171K [0x00000000d7700000, 0x00000000e5f80000, 0x0000000100000000)
  eden space 124928K, 0% used [0x00000000d7700000,0x00000000d7700000,0x00000000df100000)
  from space 8192K, 99% used [0x00000000df100000,0x00000000df8fafc0,0x00000000df900000)
  to   space 10752K, 0% used [0x00000000e5500000,0x00000000e5500000,0x00000000e5f80000)
 ParOldGen       total 48128K, used 8121K [0x0000000086400000, 0x0000000089300000, 0x00000000d7700000)
  object space 48128K, 16% used [0x0000000086400000,0x0000000086bee5a8,0x0000000089300000)
 Metaspace       used 24370K, capacity 25140K, committed 25340K, reserved 1071104K
  class space    used 3116K, capacity 3309K, committed 3324K, reserved 1048576K
}
Event: 2.734 GC heap before
{Heap before GC invocations=9 (full 1):
 PSYoungGen      total 133120K, used 133099K [0x00000000d7700000, 0x00000000e5f80000, 0x0000000100000000)
  eden space 124928K, 100% used [0x00000000d7700000,0x00000000df100000,0x00000000df100000)
  from space 8192K, 99% used [0x00000000df100000,0x00000000df8fafc0,0x00000000df900000)
  to   space 10752K, 0% used [0x00000000e5500000,0x00000000e5500000,0x00000000e5f80000)
 ParOldGen       total 48128K, used 8121K [0x0000000086400000, 0x0000000089300000, 0x00000000d7700000)
  object space 48128K, 16% used [0x0000000086400000,0x0000000086bee5a8,0x0000000089300000)
 Metaspace       used 24458K, capacity 25204K, committed 25340K, reserved 1071104K
  class space    used 3120K, capacity 3309K, committed 3324K, reserved 1048576K
Event: 2.753 GC heap after
Heap after GC invocations=9 (full 1):
 PSYoungGen      total 221184K, used 10736K [0x00000000d7700000, 0x00000000e6c80000, 0x0000000100000000)
  eden space 210432K, 0% used [0x00000000d7700000,0x00000000d7700000,0x00000000e4480000)
  from space 10752K, 99% used [0x00000000e5500000,0x00000000e5f7c0a0,0x00000000e5f80000)
  to   space 16896K, 0% used [0x00000000e4480000,0x00000000e4480000,0x00000000e5500000)
 ParOldGen       total 48128K, used 18863K [0x0000000086400000, 0x0000000089300000, 0x00000000d7700000)
  object space 48128K, 39% used [0x0000000086400000,0x000000008766bc10,0x0000000089300000)
 Metaspace       used 24458K, capacity 25204K, committed 25340K, reserved 1071104K
  class space    used 3120K, capacity 3309K, committed 3324K, reserved 1048576K
}
Event: 4.462 GC heap before
{Heap before GC invocations=10 (full 1):
 PSYoungGen      total 221184K, used 221168K [0x00000000d7700000, 0x00000000e6c80000, 0x0000000100000000)
  eden space 210432K, 100% used [0x00000000d7700000,0x00000000e4480000,0x00000000e4480000)
  from space 10752K, 99% used [0x00000000e5500000,0x00000000e5f7c0a0,0x00000000e5f80000)
  to   space 16896K, 0% used [0x00000000e4480000,0x00000000e4480000,0x00000000e5500000)
 ParOldGen       total 48128K, used 18863K [0x0000000086400000, 0x0000000089300000, 0x00000000d7700000)
  object space 48128K, 39% used [0x0000000086400000,0x000000008766bc10,0x0000000089300000)
 Metaspace       used 33167K, capacity 34566K, committed 34812K, reserved 1079296K
  class space    used 4281K, capacity 4562K, committed 4604K, reserved 1048576K

