# JRE version: Java(TM) SE Runtime Environment (8.0_172-b11) (build 1.8.0_172-b11)
# Java VM: Java HotSpot(TM) 64-Bit Server VM (25.172-b11 mixed mode linux-amd64 compressed oops)
Heap:
 PSYoungGen      total 236032K, used 16383K [0x00000000d7700000, 0x00000000e6d80000, 0x0000000100000000)
  eden space 219648K, 0% used [0x00000000d7700000,0x00000000d7700000,0x00000000e4d80000)
  from space 16384K, 99% used [0x00000000e4d80000,0x00000000e5d7fe10,0x00000000e5d80000)
  to   space 14848K, 0% used [0x00000000e5d80000,0x00000000e5d80000,0x00000000e6c00000)
 ParOldGen       total 48128K, used 20977K [0x0000000086400000, 0x0000000089300000, 0x00000000d7700000)
  object space 48128K, 43% used [0x0000000086400000,0x000000008787c720,0x0000000089300000)
 Metaspace       used 32794K, capacity 34176K, committed 34560K, reserved 1079296K
  class space    used 4223K, capacity 4493K, committed 4608K, reserved 1048576K
GC Heap History (10 events):
Event: 1.584 GC heap after
Heap after GC invocations=5 (full 0):
 PSYoungGen      total 67584K, used 5104K [0x00000000d7700000, 0x00000000e0400000, 0x0000000100000000)
  eden space 62464K, 0% used [0x00000000d7700000,0x00000000d7700000,0x00000000db400000)
  from space 5120K, 99% used [0x00000000db400000,0x00000000db8fc010,0x00000000db900000)
  to   space 9728K, 0% used [0x00000000dfa80000,0x00000000dfa80000,0x00000000e0400000)
 ParOldGen       total 83456K, used 5911K [0x0000000086400000, 0x000000008b580000, 0x00000000d7700000)
  object space 83456K, 7% used [0x0000000086400000,0x00000000869c5ef0,0x000000008b580000)
 Metaspace       used 20265K, capacity 20832K, committed 20992K, reserved 1067008K
  class space    used 2607K, capacity 2779K, committed 2816K, reserved 1048576K
}
Event: 1.614 GC heap before
{Heap before GC invocations=6 (full 0):
 PSYoungGen      total 67584K, used 7901K [0x00000000d7700000, 0x00000000e0400000, 0x0000000100000000)
  eden space 62464K, 4% used [0x00000000d7700000,0x00000000d79bb788,0x00000000db400000)
  from space 5120K, 99% used [0x00000000db400000,0x00000000db8fc010,0x00000000db900000)
  to   space 9728K, 0% used [0x00000000dfa80000,0x00000000dfa80000,0x00000000e0400000)
 ParOldGen       total 83456K, used 5911K [0x0000000086400000, 0x000000008b580000, 0x00000000d7700000)
  object space 83456K, 7% used [0x0000000086400000,0x00000000869c5ef0,0x000000008b580000)
 Metaspace       used 20597K, capacity 21120K, committed 21248K, reserved 1067008K
  class space    used 2642K, capacity 2811K, committed 2816K, reserved 1048576K
Event: 1.621 GC heap after
Heap after GC invocations=6 (full 0):
 PSYoungGen      total 133632K, used 5360K [0x00000000d7700000, 0x00000000e0300000, 0x0000000100000000)
  eden space 124928K, 0% used [0x00000000d7700000,0x00000000d7700000,0x00000000df100000)
  from space 8704K, 61% used [0x00000000dfa80000,0x00000000dffbc010,0x00000000e0300000)
  to   space 9216K, 0% used [0x00000000df100000,0x00000000df100000,0x00000000dfa00000)
 ParOldGen       total 83456K, used 5919K [0x0000000086400000, 0x000000008b580000, 0x00000000d7700000)
  object space 83456K, 7% used [0x0000000086400000,0x00000000869c7ef0,0x000000008b580000)
 Metaspace       used 20597K, capacity 21120K, committed 21248K, reserved 1067008K
  class space    used 2642K, capacity 2811K, committed 2816K, reserved 1048576K
}
Event: 1.621 GC heap before
{Heap before GC invocations=7 (full 1):
 PSYoungGen      total 133632K, used 5360K [0x00000000d7700000, 0x00000000e0300000, 0x0000000100000000)
  eden space 124928K, 0% used [0x00000000d7700000,0x00000000d7700000,0x00000000df100000)
  from space 8704K, 61% used [0x00000000dfa80000,0x00000000dffbc010,0x00000000e0300000)
  to   space 9216K, 0% used [0x00000000df100000,0x00000000df100000,0x00000000dfa00000)
 ParOldGen       total 83456K, used 5919K [0x0000000086400000, 0x000000008b580000, 0x00000000d7700000)
  object space 83456K, 7% used [0x0000000086400000,0x00000000869c7ef0,0x000000008b580000)
 Metaspace       used 20597K, capacity 21120K, committed 21248K, reserved 1067008K
  class space    used 2642K, capacity 2811K, committed 2816K, reserved 1048576K
Event: 1.651 GC heap after
Heap after GC invocations=7 (full 1):
 PSYoungGen      total 133632K, used 0K [0x00000000d7700000, 0x00000000e0300000, 0x0000000100000000)
  eden space 124928K, 0% used [0x00000000d7700000,0x00000000d7700000,0x00000000df100000)
  from space 8704K, 0% used [0x00000000dfa80000,0x00000000dfa80000,0x00000000e0300000)
  to   space 9216K, 0% used [0x00000000df100000,0x00000000df100000,0x00000000dfa00000)
 ParOldGen       total 48128K, used 6518K [0x0000000086400000, 0x0000000089300000, 0x00000000d7700000)
  object space 48128K, 13% used [0x0000000086400000,0x0000000086a5daa0,0x0000000089300000)
 Metaspace       used 20597K, capacity 21120K, committed 21248K, reserved 1067008K
  class space    used 2642K, capacity 2811K, committed 2816K, reserved 1048576K
}
Event: 2.343 GC heap before
{Heap before GC invocations=8 (full 1):
 PSYoungGen      total 133632K, used 124928K [0x00000000d7700000, 0x00000000e0300000, 0x0000000100000000)
  eden space 124928K, 100% used [0x00000000d7700000,0x00000000df100000,0x00000000df100000)
  from space 8704K, 0% used [0x00000000dfa80000,0x00000000dfa80000,0x00000000e0300000)
  to   space 9216K, 0% used [0x00000000df100000,0x00000000df100000,0x00000000dfa00000)
 ParOldGen       total 48128K, used 6518K [0x0000000086400000, 0x0000000089300000, 0x00000000d7700000)
  object space 48128K, 13% used [0x0000000086400000,0x0000000086a5daa0,0x0000000089300000)
 Metaspace       used 23668K, capacity 24328K, committed 24576K, reserved 1071104K
  class space    used 3012K, capacity 3201K, committed 3328K, reserved 1048576K
Event: 2.368 GC heap after
Heap after GC invocations=8 (full 1):
 PSYoungGen      total 134144K, used 9186K [0x00000000d7700000, 0x00000000e6c00000, 0x0000000100000000)
  eden space 124928K, 0% used [0x00000000d7700000,0x00000000d7700000,0x00000000df100000)
  from space 9216K, 99% used [0x00000000df100000,0x00000000df9f8860,0x00000000dfa00000)
  to   space 14848K, 0% used [0x00000000e5d80000,0x00000000e5d80000,0x00000000e6c00000)
 ParOldGen       total 48128K, used 15050K [0x0000000086400000, 0x0000000089300000, 0x00000000d7700000)
  object space 48128K, 31% used [0x0000000086400000,0x00000000872b2940,0x0000000089300000)
 Metaspace       used 23668K, capacity 24328K, committed 24576K, reserved 1071104K
  class space    used 3012K, capacity 3201K, committed 3328K, reserved 1048576K
}
Event: 2.762 GC heap before
{Heap before GC invocations=9 (full 1):
 PSYoungGen      total 134144K, used 134114K [0x00000000d7700000, 0x00000000e6c00000, 0x0000000100000000)
  eden space 124928K, 100% used [0x00000000d7700000,0x00000000df100000,0x00000000df100000)
  from space 9216K, 99% used [0x00000000df100000,0x00000000df9f8860,0x00000000dfa00000)
  to   space 14848K, 0% used [0x00000000e5d80000,0x00000000e5d80000,0x00000000e6c00000)
 ParOldGen       total 48128K, used 15050K [0x0000000086400000, 0x0000000089300000, 0x00000000d7700000)
  object space 48128K, 31% used [0x0000000086400000,0x00000000872b2940,0x0000000089300000)
 Metaspace       used 24454K, capacity 25268K, committed 25344K, reserved 1071104K
  class space    used 3118K, capacity 3309K, committed 3328K, reserved 1048576K
Event: 2.780 GC heap after
Heap after GC invocations=9 (full 1):
 PSYoungGen      total 234496K, used 12668K [0x00000000d7700000, 0x00000000e6d80000, 0x0000000100000000)
  eden space 219648K, 0% used [0x00000000d7700000,0x00000000d7700000,0x00000000e4d80000)
  from space 14848K, 85% used [0x00000000e5d80000,0x00000000e69df140,0x00000000e6c00000)
  to   space 16384K, 0% used [0x00000000e4d80000,0x00000000e4d80000,0x00000000e5d80000)
 ParOldGen       total 48128K, used 15050K [0x0000000086400000, 0x0000000089300000, 0x00000000d7700000)
  object space 48128K, 31% used [0x0000000086400000,0x00000000872b2940,0x0000000089300000)
 Metaspace       used 24454K, capacity 25268K, committed 25344K, reserved 1071104K
  class space    used 3118K, capacity 3309K, committed 3328K, reserved 1048576K
}
Event: 4.522 GC heap before
{Heap before GC invocations=10 (full 1):
 PSYoungGen      total 234496K, used 232307K [0x00000000d7700000, 0x00000000e6d80000, 0x0000000100000000)
  eden space 219648K, 99% used [0x00000000d7700000,0x00000000e4d7db90,0x00000000e4d80000)
  from space 14848K, 85% used [0x00000000e5d80000,0x00000000e69df140,0x00000000e6c00000)
  to   space 16384K, 0% used [0x00000000e4d80000,0x00000000e4d80000,0x00000000e5d80000)
 ParOldGen       total 48128K, used 15050K [0x0000000086400000, 0x0000000089300000, 0x00000000d7700000)
  object space 48128K, 31% used [0x0000000086400000,0x00000000872b2940,0x0000000089300000)
 Metaspace       used 32794K, capacity 34176K, committed 34560K, reserved 1079296K
  class space    used 4223K, capacity 4493K, committed 4608K, reserved 1048576K

