# JRE version: Java(TM) SE Runtime Environment (8.0_172-b11) (build 1.8.0_172-b11)
# Java VM: Java HotSpot(TM) 64-Bit Server VM (25.172-b11 mixed mode linux-amd64 compressed oops)
Heap:
 PSYoungGen      total 345088K, used 14327K [0x00000000d7700000, 0x00000000ee180000, 0x0000000100000000)
  eden space 330752K, 0% used [0x00000000d7700000,0x00000000d7700000,0x00000000eba00000)
  from space 14336K, 99% used [0x00000000ec580000,0x00000000ed37dc98,0x00000000ed380000)
  to   space 12288K, 0% used [0x00000000ed580000,0x00000000ed580000,0x00000000ee180000)
 ParOldGen       total 86528K, used 29210K [0x0000000086400000, 0x000000008b880000, 0x00000000d7700000)
  object space 86528K, 33% used [0x0000000086400000,0x00000000880869c0,0x000000008b880000)
 Metaspace       used 55268K, capacity 57586K, committed 57856K, reserved 1099776K
  class space    used 7192K, capacity 7592K, committed 7680K, reserved 1048576K
GC Heap History (10 events):
Event: 4.507 GC heap after
Heap after GC invocations=12 (full 1):
 PSYoungGen      total 202240K, used 10730K [0x00000000d7700000, 0x00000000e8480000, 0x0000000100000000)
  eden space 191488K, 0% used [0x00000000d7700000,0x00000000d7700000,0x00000000e3200000)
  from space 10752K, 99% used [0x00000000e3200000,0x00000000e3c7a9c8,0x00000000e3c80000)
  to   space 13312K, 0% used [0x00000000e7780000,0x00000000e7780000,0x00000000e8480000)
 ParOldGen       total 51712K, used 21427K [0x0000000086400000, 0x0000000089680000, 0x00000000d7700000)
  object space 51712K, 41% used [0x0000000086400000,0x00000000878ecdc8,0x0000000089680000)
 Metaspace       used 26336K, capacity 27178K, committed 27392K, reserved 1073152K
  class space    used 3261K, capacity 3470K, committed 3584K, reserved 1048576K
}
Event: 6.372 GC heap before
{Heap before GC invocations=13 (full 1):
 PSYoungGen      total 202240K, used 202218K [0x00000000d7700000, 0x00000000e8480000, 0x0000000100000000)
  eden space 191488K, 100% used [0x00000000d7700000,0x00000000e3200000,0x00000000e3200000)
  from space 10752K, 99% used [0x00000000e3200000,0x00000000e3c7a9c8,0x00000000e3c80000)
  to   space 13312K, 0% used [0x00000000e7780000,0x00000000e7780000,0x00000000e8480000)
 ParOldGen       total 51712K, used 21427K [0x0000000086400000, 0x0000000089680000, 0x00000000d7700000)
  object space 51712K, 41% used [0x0000000086400000,0x00000000878ecdc8,0x0000000089680000)
 Metaspace       used 31963K, capacity 33352K, committed 33536K, reserved 1079296K
  class space    used 4034K, capacity 4299K, committed 4352K, reserved 1048576K
Event: 6.388 GC heap after
Heap after GC invocations=13 (full 1):
 PSYoungGen      total 262656K, used 8514K [0x00000000d7700000, 0x00000000e9400000, 0x0000000100000000)
  eden space 249344K, 0% used [0x00000000d7700000,0x00000000d7700000,0x00000000e6a80000)
  from space 13312K, 63% used [0x00000000e7780000,0x00000000e7fd0a58,0x00000000e8480000)
  to   space 13312K, 0% used [0x00000000e6a80000,0x00000000e6a80000,0x00000000e7780000)
 ParOldGen       total 51712K, used 24747K [0x0000000086400000, 0x0000000089680000, 0x00000000d7700000)
  object space 51712K, 47% used [0x0000000086400000,0x0000000087c2aed8,0x0000000089680000)
 Metaspace       used 31963K, capacity 33352K, committed 33536K, reserved 1079296K
  class space    used 4034K, capacity 4299K, committed 4352K, reserved 1048576K
}
Event: 6.867 GC heap before
{Heap before GC invocations=14 (full 1):
 PSYoungGen      total 262656K, used 93622K [0x00000000d7700000, 0x00000000e9400000, 0x0000000100000000)
  eden space 249344K, 34% used [0x00000000d7700000,0x00000000dca1d188,0x00000000e6a80000)
  from space 13312K, 63% used [0x00000000e7780000,0x00000000e7fd0a58,0x00000000e8480000)
  to   space 13312K, 0% used [0x00000000e6a80000,0x00000000e6a80000,0x00000000e7780000)
 ParOldGen       total 51712K, used 24747K [0x0000000086400000, 0x0000000089680000, 0x00000000d7700000)
  object space 51712K, 47% used [0x0000000086400000,0x0000000087c2aed8,0x0000000089680000)
 Metaspace       used 34454K, capacity 35866K, committed 36048K, reserved 1081344K
  class space    used 4334K, capacity 4622K, committed 4736K, reserved 1048576K
Event: 6.882 GC heap after
Heap after GC invocations=14 (full 1):
 PSYoungGen      total 262656K, used 6168K [0x00000000d7700000, 0x00000000ee200000, 0x0000000100000000)
  eden space 249344K, 0% used [0x00000000d7700000,0x00000000d7700000,0x00000000e6a80000)
  from space 13312K, 46% used [0x00000000e6a80000,0x00000000e70860c8,0x00000000e7780000)
  to   space 12800K, 0% used [0x00000000ed580000,0x00000000ed580000,0x00000000ee200000)
 ParOldGen       total 51712K, used 29283K [0x0000000086400000, 0x0000000089680000, 0x00000000d7700000)
  object space 51712K, 56% used [0x0000000086400000,0x0000000088098ef8,0x0000000089680000)
 Metaspace       used 34454K, capacity 35866K, committed 36048K, reserved 1081344K
  class space    used 4334K, capacity 4622K, committed 4736K, reserved 1048576K
}
Event: 6.882 GC heap before
{Heap before GC invocations=15 (full 2):
 PSYoungGen      total 262656K, used 6168K [0x00000000d7700000, 0x00000000ee200000, 0x0000000100000000)
  eden space 249344K, 0% used [0x00000000d7700000,0x00000000d7700000,0x00000000e6a80000)
  from space 13312K, 46% used [0x00000000e6a80000,0x00000000e70860c8,0x00000000e7780000)
  to   space 12800K, 0% used [0x00000000ed580000,0x00000000ed580000,0x00000000ee200000)
 ParOldGen       total 51712K, used 29283K [0x0000000086400000, 0x0000000089680000, 0x00000000d7700000)
  object space 51712K, 56% used [0x0000000086400000,0x0000000088098ef8,0x0000000089680000)
 Metaspace       used 34454K, capacity 35866K, committed 36048K, reserved 1081344K
  class space    used 4334K, capacity 4622K, committed 4736K, reserved 1048576K
Event: 6.970 GC heap after
Heap after GC invocations=15 (full 2):
 PSYoungGen      total 262656K, used 0K [0x00000000d7700000, 0x00000000ee200000, 0x0000000100000000)
  eden space 249344K, 0% used [0x00000000d7700000,0x00000000d7700000,0x00000000e6a80000)
  from space 13312K, 0% used [0x00000000e6a80000,0x00000000e6a80000,0x00000000e7780000)
  to   space 12800K, 0% used [0x00000000ed580000,0x00000000ed580000,0x00000000ee200000)
 ParOldGen       total 86528K, used 23760K [0x0000000086400000, 0x000000008b880000, 0x00000000d7700000)
  object space 86528K, 27% used [0x0000000086400000,0x0000000087b34250,0x000000008b880000)
 Metaspace       used 34454K, capacity 35866K, committed 36048K, reserved 1081344K
  class space    used 4334K, capacity 4622K, committed 4736K, reserved 1048576K
}
Event: 9.440 GC heap before
{Heap before GC invocations=16 (full 2):
 PSYoungGen      total 262656K, used 249344K [0x00000000d7700000, 0x00000000ee200000, 0x0000000100000000)
  eden space 249344K, 100% used [0x00000000d7700000,0x00000000e6a80000,0x00000000e6a80000)
  from space 13312K, 0% used [0x00000000e6a80000,0x00000000e6a80000,0x00000000e7780000)
  to   space 12800K, 0% used [0x00000000ed580000,0x00000000ed580000,0x00000000ee200000)
 ParOldGen       total 86528K, used 23760K [0x0000000086400000, 0x000000008b880000, 0x00000000d7700000)
  object space 86528K, 27% used [0x0000000086400000,0x0000000087b34250,0x000000008b880000)
 Metaspace       used 45113K, capacity 46670K, committed 46848K, reserved 1089536K
  class space    used 5834K, capacity 6128K, committed 6144K, reserved 1048576K
Event: 9.453 GC heap after
Heap after GC invocations=16 (full 2):
 PSYoungGen      total 343040K, used 11840K [0x00000000d7700000, 0x00000000ee180000, 0x0000000100000000)
  eden space 330752K, 0% used [0x00000000d7700000,0x00000000d7700000,0x00000000eba00000)
  from space 12288K, 96% used [0x00000000ed580000,0x00000000ee110060,0x00000000ee180000)
  to   space 14336K, 0% used [0x00000000ec580000,0x00000000ec580000,0x00000000ed380000)
 ParOldGen       total 86528K, used 23776K [0x0000000086400000, 0x000000008b880000, 0x00000000d7700000)
  object space 86528K, 27% used [0x0000000086400000,0x0000000087b38260,0x000000008b880000)
 Metaspace       used 45113K, capacity 46670K, committed 46848K, reserved 1089536K
  class space    used 5834K, capacity 6128K, committed 6144K, reserved 1048576K
}
Event: 13.642 GC heap before
{Heap before GC invocations=17 (full 2):
 PSYoungGen      total 343040K, used 342592K [0x00000000d7700000, 0x00000000ee180000, 0x0000000100000000)
  eden space 330752K, 100% used [0x00000000d7700000,0x00000000eba00000,0x00000000eba00000)
  from space 12288K, 96% used [0x00000000ed580000,0x00000000ee110060,0x00000000ee180000)
  to   space 14336K, 0% used [0x00000000ec580000,0x00000000ec580000,0x00000000ed380000)
 ParOldGen       total 86528K, used 23776K [0x0000000086400000, 0x000000008b880000, 0x00000000d7700000)
  object space 86528K, 27% used [0x0000000086400000,0x0000000087b38260,0x000000008b880000)
 Metaspace       used 55268K, capacity 57586K, committed 57856K, reserved 1099776K
  class space    used 7192K, capacity 7592K, committed 7680K, reserved 1048576K

