# JRE version: Java(TM) SE Runtime Environment (8.0_172-b11) (build 1.8.0_172-b11)
# Java VM: Java HotSpot(TM) 64-Bit Server VM (25.172-b11 mixed mode linux-amd64 compressed oops)
Heap:
 PSYoungGen      total 361984K, used 14256K [0x00000000d7700000, 0x00000000ef700000, 0x0000000100000000)
  eden space 342016K, 0% used [0x00000000d7700000,0x00000000d7700000,0x00000000ec500000)
  from space 19968K, 71% used [0x00000000ec500000,0x00000000ed2ec2f0,0x00000000ed880000)
  to   space 15872K, 0% used [0x00000000ed880000,0x00000000ed880000,0x00000000ee800000)
 ParOldGen       total 77312K, used 25728K [0x0000000086400000, 0x000000008af80000, 0x00000000d7700000)
  object space 77312K, 33% used [0x0000000086400000,0x0000000087d20288,0x000000008af80000)
 Metaspace       used 46665K, capacity 48310K, committed 48640K, reserved 1091584K
  class space    used 6054K, capacity 6368K, committed 6400K, reserved 1048576K
GC Heap History (10 events):
Event: 2.857 GC heap after
Heap after GC invocations=8 (full 1):
 PSYoungGen      total 131584K, used 0K [0x00000000d7700000, 0x00000000e7800000, 0x0000000100000000)
  eden space 123392K, 0% used [0x00000000d7700000,0x00000000d7700000,0x00000000def80000)
  from space 8192K, 0% used [0x00000000def80000,0x00000000def80000,0x00000000df780000)
  to   space 8192K, 0% used [0x00000000e7000000,0x00000000e7000000,0x00000000e7800000)
 ParOldGen       total 45056K, used 7309K [0x0000000086400000, 0x0000000089000000, 0x00000000d7700000)
  object space 45056K, 16% used [0x0000000086400000,0x0000000086b235b0,0x0000000089000000)
 Metaspace       used 20622K, capacity 21114K, committed 21248K, reserved 1067008K
  class space    used 2544K, capacity 2690K, committed 2816K, reserved 1048576K
}
Event: 3.423 GC heap before
{Heap before GC invocations=9 (full 1):
 PSYoungGen      total 131584K, used 123392K [0x00000000d7700000, 0x00000000e7800000, 0x0000000100000000)
  eden space 123392K, 100% used [0x00000000d7700000,0x00000000def80000,0x00000000def80000)
  from space 8192K, 0% used [0x00000000def80000,0x00000000def80000,0x00000000df780000)
  to   space 8192K, 0% used [0x00000000e7000000,0x00000000e7000000,0x00000000e7800000)
 ParOldGen       total 45056K, used 7309K [0x0000000086400000, 0x0000000089000000, 0x00000000d7700000)
  object space 45056K, 16% used [0x0000000086400000,0x0000000086b235b0,0x0000000089000000)
 Metaspace       used 24252K, capacity 24786K, committed 24960K, reserved 1071104K
  class space    used 3005K, capacity 3152K, committed 3200K, reserved 1048576K
Event: 3.446 GC heap after
Heap after GC invocations=9 (full 1):
 PSYoungGen      total 238592K, used 8191K [0x00000000d7700000, 0x00000000e7800000, 0x0000000100000000)
  eden space 230400K, 0% used [0x00000000d7700000,0x00000000d7700000,0x00000000e5800000)
  from space 8192K, 99% used [0x00000000e7000000,0x00000000e77ffd50,0x00000000e7800000)
  to   space 12800K, 0% used [0x00000000e5f00000,0x00000000e5f00000,0x00000000e6b80000)
 ParOldGen       total 45056K, used 15980K [0x0000000086400000, 0x0000000089000000, 0x00000000d7700000)
  object space 45056K, 35% used [0x0000000086400000,0x000000008739b3a8,0x0000000089000000)
 Metaspace       used 24252K, capacity 24786K, committed 24960K, reserved 1071104K
  class space    used 3005K, capacity 3152K, committed 3200K, reserved 1048576K
}
Event: 4.835 GC heap before
{Heap before GC invocations=10 (full 1):
 PSYoungGen      total 238592K, used 238591K [0x00000000d7700000, 0x00000000e7800000, 0x0000000100000000)
  eden space 230400K, 100% used [0x00000000d7700000,0x00000000e5800000,0x00000000e5800000)
  from space 8192K, 99% used [0x00000000e7000000,0x00000000e77ffd50,0x00000000e7800000)
  to   space 12800K, 0% used [0x00000000e5f00000,0x00000000e5f00000,0x00000000e6b80000)
 ParOldGen       total 45056K, used 15980K [0x0000000086400000, 0x0000000089000000, 0x00000000d7700000)
  object space 45056K, 35% used [0x0000000086400000,0x000000008739b3a8,0x0000000089000000)
 Metaspace       used 27526K, capacity 28534K, committed 28800K, reserved 1075200K
  class space    used 3445K, capacity 3668K, committed 3712K, reserved 1048576K
Event: 4.850 GC heap after
Heap after GC invocations=10 (full 1):
 PSYoungGen      total 250368K, used 12796K [0x00000000d7700000, 0x00000000ee800000, 0x0000000100000000)
  eden space 237568K, 0% used [0x00000000d7700000,0x00000000d7700000,0x00000000e5f00000)
  from space 12800K, 99% used [0x00000000e5f00000,0x00000000e6b7f240,0x00000000e6b80000)
  to   space 15872K, 0% used [0x00000000ed880000,0x00000000ed880000,0x00000000ee800000)
 ParOldGen       total 45056K, used 19244K [0x0000000086400000, 0x0000000089000000, 0x00000000d7700000)
  object space 45056K, 42% used [0x0000000086400000,0x00000000876cb318,0x0000000089000000)
 Metaspace       used 27526K, capacity 28534K, committed 28800K, reserved 1075200K
  class space    used 3445K, capacity 3668K, committed 3712K, reserved 1048576K
}
Event: 6.553 GC heap before
{Heap before GC invocations=11 (full 1):
 PSYoungGen      total 250368K, used 203949K [0x00000000d7700000, 0x00000000ee800000, 0x0000000100000000)
  eden space 237568K, 80% used [0x00000000d7700000,0x00000000e31ac2e0,0x00000000e5f00000)
  from space 12800K, 99% used [0x00000000e5f00000,0x00000000e6b7f240,0x00000000e6b80000)
  to   space 15872K, 0% used [0x00000000ed880000,0x00000000ed880000,0x00000000ee800000)
 ParOldGen       total 45056K, used 19244K [0x0000000086400000, 0x0000000089000000, 0x00000000d7700000)
  object space 45056K, 42% used [0x0000000086400000,0x00000000876cb318,0x0000000089000000)
 Metaspace       used 33881K, capacity 35286K, committed 35416K, reserved 1081344K
  class space    used 4286K, capacity 4558K, committed 4608K, reserved 1048576K
Event: 6.586 GC heap after
Heap after GC invocations=11 (full 1):
 PSYoungGen      total 357888K, used 15848K [0x00000000d7700000, 0x00000000ef700000, 0x0000000100000000)
  eden space 342016K, 0% used [0x00000000d7700000,0x00000000d7700000,0x00000000ec500000)
  from space 15872K, 99% used [0x00000000ed880000,0x00000000ee7fa2a8,0x00000000ee800000)
  to   space 19968K, 0% used [0x00000000ec500000,0x00000000ec500000,0x00000000ed880000)
 ParOldGen       total 45056K, used 23087K [0x0000000086400000, 0x0000000089000000, 0x00000000d7700000)
  object space 45056K, 51% used [0x0000000086400000,0x0000000087a8bd68,0x0000000089000000)
 Metaspace       used 33881K, capacity 35286K, committed 35416K, reserved 1081344K
  class space    used 4286K, capacity 4558K, committed 4608K, reserved 1048576K
}
Event: 6.586 GC heap before
{Heap before GC invocations=12 (full 2):
 PSYoungGen      total 357888K, used 15848K [0x00000000d7700000, 0x00000000ef700000, 0x0000000100000000)
  eden space 342016K, 0% used [0x00000000d7700000,0x00000000d7700000,0x00000000ec500000)
  from space 15872K, 99% used [0x00000000ed880000,0x00000000ee7fa2a8,0x00000000ee800000)
  to   space 19968K, 0% used [0x00000000ec500000,0x00000000ec500000,0x00000000ed880000)
 ParOldGen       total 45056K, used 23087K [0x0000000086400000, 0x0000000089000000, 0x00000000d7700000)
  object space 45056K, 51% used [0x0000000086400000,0x0000000087a8bd68,0x0000000089000000)
 Metaspace       used 33881K, capacity 35286K, committed 35416K, reserved 1081344K
  class space    used 4286K, capacity 4558K, committed 4608K, reserved 1048576K
Event: 6.675 GC heap after
Heap after GC invocations=12 (full 2):
 PSYoungGen      total 357888K, used 0K [0x00000000d7700000, 0x00000000ef700000, 0x0000000100000000)
  eden space 342016K, 0% used [0x00000000d7700000,0x00000000d7700000,0x00000000ec500000)
  from space 15872K, 0% used [0x00000000ed880000,0x00000000ed880000,0x00000000ee800000)
  to   space 19968K, 0% used [0x00000000ec500000,0x00000000ec500000,0x00000000ed880000)
 ParOldGen       total 77312K, used 25720K [0x0000000086400000, 0x000000008af80000, 0x00000000d7700000)
  object space 77312K, 33% used [0x0000000086400000,0x0000000087d1e288,0x000000008af80000)
 Metaspace       used 33881K, capacity 35286K, committed 35416K, reserved 1081344K
  class space    used 4286K, capacity 4558K, committed 4608K, reserved 1048576K
}
Event: 9.831 GC heap before
{Heap before GC invocations=13 (full 2):
 PSYoungGen      total 357888K, used 342016K [0x00000000d7700000, 0x00000000ef700000, 0x0000000100000000)
  eden space 342016K, 100% used [0x00000000d7700000,0x00000000ec500000,0x00000000ec500000)
  from space 15872K, 0% used [0x00000000ed880000,0x00000000ed880000,0x00000000ee800000)
  to   space 19968K, 0% used [0x00000000ec500000,0x00000000ec500000,0x00000000ed880000)
 ParOldGen       total 77312K, used 25720K [0x0000000086400000, 0x000000008af80000, 0x00000000d7700000)
  object space 77312K, 33% used [0x0000000086400000,0x0000000087d1e288,0x000000008af80000)
 Metaspace       used 46665K, capacity 48310K, committed 48640K, reserved 1091584K
  class space    used 6054K, capacity 6368K, committed 6400K, reserved 1048576K

