# JRE version: Java(TM) SE Runtime Environment (8.0_172-b11) (build 1.8.0_172-b11)
# Java VM: Java HotSpot(TM) 64-Bit Server VM (25.172-b11 mixed mode linux-amd64 compressed oops)
Heap:
 PSYoungGen      total 249344K, used 15859K [0x00000000d7700000, 0x00000000e7a00000, 0x0000000100000000)
  eden space 233472K, 0% used [0x00000000d7700000,0x00000000d7700000,0x00000000e5b00000)
  from space 15872K, 99% used [0x00000000e5b00000,0x00000000e6a7cff8,0x00000000e6a80000)
  to   space 14336K, 0% used [0x00000000e6c00000,0x00000000e6c00000,0x00000000e7a00000)
 ParOldGen       total 47616K, used 25386K [0x0000000086400000, 0x0000000089280000, 0x00000000d7700000)
  object space 47616K, 53% used [0x0000000086400000,0x0000000087cca850,0x0000000089280000)
 Metaspace       used 33115K, capacity 34540K, committed 34816K, reserved 1079296K
  class space    used 4262K, capacity 4529K, committed 4608K, reserved 1048576K
GC Heap History (10 events):
Event: 1.601 GC heap after
Heap after GC invocations=5 (full 0):
 PSYoungGen      total 67584K, used 5111K [0x00000000d7700000, 0x00000000e0300000, 0x0000000100000000)
  eden space 62464K, 0% used [0x00000000d7700000,0x00000000d7700000,0x00000000db400000)
  from space 5120K, 99% used [0x00000000db400000,0x00000000db8fdef0,0x00000000db900000)
  to   space 9216K, 0% used [0x00000000dfa00000,0x00000000dfa00000,0x00000000e0300000)
 ParOldGen       total 83456K, used 5782K [0x0000000086400000, 0x000000008b580000, 0x00000000d7700000)
  object space 83456K, 6% used [0x0000000086400000,0x00000000869a59c0,0x000000008b580000)
 Metaspace       used 20620K, capacity 21184K, committed 21248K, reserved 1067008K
  class space    used 2641K, capacity 2811K, committed 2816K, reserved 1048576K
}
Event: 1.604 GC heap before
{Heap before GC invocations=6 (full 0):
 PSYoungGen      total 67584K, used 6461K [0x00000000d7700000, 0x00000000e0300000, 0x0000000100000000)
  eden space 62464K, 2% used [0x00000000d7700000,0x00000000d78518b0,0x00000000db400000)
  from space 5120K, 99% used [0x00000000db400000,0x00000000db8fdef0,0x00000000db900000)
  to   space 9216K, 0% used [0x00000000dfa00000,0x00000000dfa00000,0x00000000e0300000)
 ParOldGen       total 83456K, used 5782K [0x0000000086400000, 0x000000008b580000, 0x00000000d7700000)
  object space 83456K, 6% used [0x0000000086400000,0x00000000869a59c0,0x000000008b580000)
 Metaspace       used 20688K, capacity 21184K, committed 21248K, reserved 1067008K
  class space    used 2645K, capacity 2811K, committed 2816K, reserved 1048576K
Event: 1.611 GC heap after
Heap after GC invocations=6 (full 0):
 PSYoungGen      total 134144K, used 5184K [0x00000000d7700000, 0x00000000e0300000, 0x0000000100000000)
  eden space 124928K, 0% used [0x00000000d7700000,0x00000000d7700000,0x00000000df100000)
  from space 9216K, 56% used [0x00000000dfa00000,0x00000000dff10020,0x00000000e0300000)
  to   space 9216K, 0% used [0x00000000df100000,0x00000000df100000,0x00000000dfa00000)
 ParOldGen       total 83456K, used 5782K [0x0000000086400000, 0x000000008b580000, 0x00000000d7700000)
  object space 83456K, 6% used [0x0000000086400000,0x00000000869a59c0,0x000000008b580000)
 Metaspace       used 20688K, capacity 21184K, committed 21248K, reserved 1067008K
  class space    used 2645K, capacity 2811K, committed 2816K, reserved 1048576K
}
Event: 1.611 GC heap before
{Heap before GC invocations=7 (full 1):
 PSYoungGen      total 134144K, used 5184K [0x00000000d7700000, 0x00000000e0300000, 0x0000000100000000)
  eden space 124928K, 0% used [0x00000000d7700000,0x00000000d7700000,0x00000000df100000)
  from space 9216K, 56% used [0x00000000dfa00000,0x00000000dff10020,0x00000000e0300000)
  to   space 9216K, 0% used [0x00000000df100000,0x00000000df100000,0x00000000dfa00000)
 ParOldGen       total 83456K, used 5782K [0x0000000086400000, 0x000000008b580000, 0x00000000d7700000)
  object space 83456K, 6% used [0x0000000086400000,0x00000000869a59c0,0x000000008b580000)
 Metaspace       used 20688K, capacity 21184K, committed 21248K, reserved 1067008K
  class space    used 2645K, capacity 2811K, committed 2816K, reserved 1048576K
Event: 1.641 GC heap after
Heap after GC invocations=7 (full 1):
 PSYoungGen      total 134144K, used 0K [0x00000000d7700000, 0x00000000e0300000, 0x0000000100000000)
  eden space 124928K, 0% used [0x00000000d7700000,0x00000000d7700000,0x00000000df100000)
  from space 9216K, 0% used [0x00000000dfa00000,0x00000000dfa00000,0x00000000e0300000)
  to   space 9216K, 0% used [0x00000000df100000,0x00000000df100000,0x00000000dfa00000)
 ParOldGen       total 47616K, used 9607K [0x0000000086400000, 0x0000000089280000, 0x00000000d7700000)
  object space 47616K, 20% used [0x0000000086400000,0x0000000086d61eb0,0x0000000089280000)
 Metaspace       used 20688K, capacity 21184K, committed 21248K, reserved 1067008K
  class space    used 2645K, capacity 2811K, committed 2816K, reserved 1048576K
}
Event: 2.359 GC heap before
{Heap before GC invocations=8 (full 1):
 PSYoungGen      total 134144K, used 124928K [0x00000000d7700000, 0x00000000e0300000, 0x0000000100000000)
  eden space 124928K, 100% used [0x00000000d7700000,0x00000000df100000,0x00000000df100000)
  from space 9216K, 0% used [0x00000000dfa00000,0x00000000dfa00000,0x00000000e0300000)
  to   space 9216K, 0% used [0x00000000df100000,0x00000000df100000,0x00000000dfa00000)
 ParOldGen       total 47616K, used 9607K [0x0000000086400000, 0x0000000089280000, 0x00000000d7700000)
  object space 47616K, 20% used [0x0000000086400000,0x0000000086d61eb0,0x0000000089280000)
 Metaspace       used 23589K, capacity 24222K, committed 24448K, reserved 1071104K
  class space    used 2996K, capacity 3168K, committed 3200K, reserved 1048576K
Event: 2.378 GC heap after
Heap after GC invocations=8 (full 1):
 PSYoungGen      total 134144K, used 9209K [0x00000000d7700000, 0x00000000e7a80000, 0x0000000100000000)
  eden space 124928K, 0% used [0x00000000d7700000,0x00000000d7700000,0x00000000df100000)
  from space 9216K, 99% used [0x00000000df100000,0x00000000df9fe480,0x00000000dfa00000)
  to   space 14848K, 0% used [0x00000000e6c00000,0x00000000e6c00000,0x00000000e7a80000)
 ParOldGen       total 47616K, used 18275K [0x0000000086400000, 0x0000000089280000, 0x00000000d7700000)
  object space 47616K, 38% used [0x0000000086400000,0x00000000875d8d18,0x0000000089280000)
 Metaspace       used 23589K, capacity 24222K, committed 24448K, reserved 1071104K
  class space    used 2996K, capacity 3168K, committed 3200K, reserved 1048576K
}
Event: 2.769 GC heap before
{Heap before GC invocations=9 (full 1):
 PSYoungGen      total 134144K, used 134137K [0x00000000d7700000, 0x00000000e7a80000, 0x0000000100000000)
  eden space 124928K, 100% used [0x00000000d7700000,0x00000000df100000,0x00000000df100000)
  from space 9216K, 99% used [0x00000000df100000,0x00000000df9fe480,0x00000000dfa00000)
  to   space 14848K, 0% used [0x00000000e6c00000,0x00000000e6c00000,0x00000000e7a80000)
 ParOldGen       total 47616K, used 18275K [0x0000000086400000, 0x0000000089280000, 0x00000000d7700000)
  object space 47616K, 38% used [0x0000000086400000,0x00000000875d8d18,0x0000000089280000)
 Metaspace       used 24436K, capacity 25268K, committed 25344K, reserved 1071104K
  class space    used 3113K, capacity 3309K, committed 3328K, reserved 1048576K
Event: 2.788 GC heap after
Heap after GC invocations=9 (full 1):
 PSYoungGen      total 247808K, used 12494K [0x00000000d7700000, 0x00000000e7a00000, 0x0000000100000000)
  eden space 233472K, 0% used [0x00000000d7700000,0x00000000d7700000,0x00000000e5b00000)
  from space 14336K, 87% used [0x00000000e6c00000,0x00000000e7833848,0x00000000e7a00000)
  to   space 15872K, 0% used [0x00000000e5b00000,0x00000000e5b00000,0x00000000e6a80000)
 ParOldGen       total 47616K, used 18283K [0x0000000086400000, 0x0000000089280000, 0x00000000d7700000)
  object space 47616K, 38% used [0x0000000086400000,0x00000000875dad18,0x0000000089280000)
 Metaspace       used 24436K, capacity 25268K, committed 25344K, reserved 1071104K
  class space    used 3113K, capacity 3309K, committed 3328K, reserved 1048576K
}
Event: 4.622 GC heap before
{Heap before GC invocations=10 (full 1):
 PSYoungGen      total 247808K, used 245966K [0x00000000d7700000, 0x00000000e7a00000, 0x0000000100000000)
  eden space 233472K, 100% used [0x00000000d7700000,0x00000000e5b00000,0x00000000e5b00000)
  from space 14336K, 87% used [0x00000000e6c00000,0x00000000e7833848,0x00000000e7a00000)
  to   space 15872K, 0% used [0x00000000e5b00000,0x00000000e5b00000,0x00000000e6a80000)
 ParOldGen       total 47616K, used 18283K [0x0000000086400000, 0x0000000089280000, 0x00000000d7700000)
  object space 47616K, 38% used [0x0000000086400000,0x00000000875dad18,0x0000000089280000)
 Metaspace       used 33115K, capacity 34540K, committed 34816K, reserved 1079296K
  class space    used 4262K, capacity 4529K, committed 4608K, reserved 1048576K

