# JRE version: Java(TM) SE Runtime Environment (8.0_172-b11) (build 1.8.0_172-b11)
# Java VM: Java HotSpot(TM) 64-Bit Server VM (25.172-b11 mixed mode linux-amd64 compressed oops)
Heap:
 PSYoungGen      total 134144K, used 9188K [0x00000000d7700000, 0x00000000e0300000, 0x0000000100000000)
  eden space 124928K, 0% used [0x00000000d7700000,0x00000000d7700000,0x00000000df100000)
  from space 9216K, 99% used [0x00000000df100000,0x00000000df9f9150,0x00000000dfa00000)
  to   space 9216K, 0% used [0x00000000dfa00000,0x00000000dfa00000,0x00000000e0300000)
 ParOldGen       total 45568K, used 15008K [0x0000000086400000, 0x0000000089080000, 0x00000000d7700000)
  object space 45568K, 32% used [0x0000000086400000,0x00000000872a83a8,0x0000000089080000)
 Metaspace       used 23541K, capacity 24220K, committed 24448K, reserved 1071104K
  class space    used 2994K, capacity 3167K, committed 3200K, reserved 1048576K
GC Heap History (10 events):
Event: 0.862 GC heap after
Heap after GC invocations=3 (full 0):
 PSYoungGen      total 36352K, used 4685K [0x00000000d7700000, 0x00000000dbe00000, 0x0000000100000000)
  eden space 31232K, 0% used [0x00000000d7700000,0x00000000d7700000,0x00000000d9580000)
  from space 5120K, 91% used [0x00000000d9580000,0x00000000d9a13620,0x00000000d9a80000)
  to   space 5120K, 0% used [0x00000000db900000,0x00000000db900000,0x00000000dbe00000)
 ParOldGen       total 83456K, used 63K [0x0000000086400000, 0x000000008b580000, 0x00000000d7700000)
  object space 83456K, 0% used [0x0000000086400000,0x000000008640fe18,0x000000008b580000)
 Metaspace       used 13405K, capacity 13878K, committed 13952K, reserved 1060864K
  class space    used 1759K, capacity 1912K, committed 1920K, reserved 1048576K
}
Event: 0.989 GC heap before
{Heap before GC invocations=4 (full 0):
 PSYoungGen      total 36352K, used 35917K [0x00000000d7700000, 0x00000000dbe00000, 0x0000000100000000)
  eden space 31232K, 100% used [0x00000000d7700000,0x00000000d9580000,0x00000000d9580000)
  from space 5120K, 91% used [0x00000000d9580000,0x00000000d9a13620,0x00000000d9a80000)
  to   space 5120K, 0% used [0x00000000db900000,0x00000000db900000,0x00000000dbe00000)
 ParOldGen       total 83456K, used 63K [0x0000000086400000, 0x000000008b580000, 0x00000000d7700000)
  object space 83456K, 0% used [0x0000000086400000,0x000000008640fe18,0x000000008b580000)
 Metaspace       used 16135K, capacity 16618K, committed 16896K, reserved 1064960K
  class space    used 2092K, capacity 2224K, committed 2304K, reserved 1048576K
Event: 0.998 GC heap after
Heap after GC invocations=4 (full 0):
 PSYoungGen      total 67584K, used 5114K [0x00000000d7700000, 0x00000000dbe00000, 0x0000000100000000)
  eden space 62464K, 0% used [0x00000000d7700000,0x00000000d7700000,0x00000000db400000)
  from space 5120K, 99% used [0x00000000db900000,0x00000000dbdfe810,0x00000000dbe00000)
  to   space 5120K, 0% used [0x00000000db400000,0x00000000db400000,0x00000000db900000)
 ParOldGen       total 83456K, used 1082K [0x0000000086400000, 0x000000008b580000, 0x00000000d7700000)
  object space 83456K, 1% used [0x0000000086400000,0x000000008650eb30,0x000000008b580000)
 Metaspace       used 16135K, capacity 16618K, committed 16896K, reserved 1064960K
  class space    used 2092K, capacity 2224K, committed 2304K, reserved 1048576K
}
Event: 1.286 GC heap before
{Heap before GC invocations=5 (full 0):
 PSYoungGen      total 67584K, used 67578K [0x00000000d7700000, 0x00000000dbe00000, 0x0000000100000000)
  eden space 62464K, 100% used [0x00000000d7700000,0x00000000db400000,0x00000000db400000)
  from space 5120K, 99% used [0x00000000db900000,0x00000000dbdfe810,0x00000000dbe00000)
  to   space 5120K, 0% used [0x00000000db400000,0x00000000db400000,0x00000000db900000)
 ParOldGen       total 83456K, used 1082K [0x0000000086400000, 0x000000008b580000, 0x00000000d7700000)
  object space 83456K, 1% used [0x0000000086400000,0x000000008650eb30,0x000000008b580000)
 Metaspace       used 20563K, capacity 21112K, committed 21248K, reserved 1067008K
  class space    used 2643K, capacity 2809K, committed 2816K, reserved 1048576K
Event: 1.299 GC heap after
Heap after GC invocations=5 (full 0):
 PSYoungGen      total 67584K, used 5111K [0x00000000d7700000, 0x00000000e0300000, 0x0000000100000000)
  eden space 62464K, 0% used [0x00000000d7700000,0x00000000d7700000,0x00000000db400000)
  from space 5120K, 99% used [0x00000000db400000,0x00000000db8fdf48,0x00000000db900000)
  to   space 9216K, 0% used [0x00000000dfa00000,0x00000000dfa00000,0x00000000e0300000)
 ParOldGen       total 83456K, used 5646K [0x0000000086400000, 0x000000008b580000, 0x00000000d7700000)
  object space 83456K, 6% used [0x0000000086400000,0x0000000086983b08,0x000000008b580000)
 Metaspace       used 20563K, capacity 21112K, committed 21248K, reserved 1067008K
  class space    used 2643K, capacity 2809K, committed 2816K, reserved 1048576K
}
Event: 1.304 GC heap before
{Heap before GC invocations=6 (full 0):
 PSYoungGen      total 67584K, used 6460K [0x00000000d7700000, 0x00000000e0300000, 0x0000000100000000)
  eden space 62464K, 2% used [0x00000000d7700000,0x00000000d7851480,0x00000000db400000)
  from space 5120K, 99% used [0x00000000db400000,0x00000000db8fdf48,0x00000000db900000)
  to   space 9216K, 0% used [0x00000000dfa00000,0x00000000dfa00000,0x00000000e0300000)
 ParOldGen       total 83456K, used 5646K [0x0000000086400000, 0x000000008b580000, 0x00000000d7700000)
  object space 83456K, 6% used [0x0000000086400000,0x0000000086983b08,0x000000008b580000)
 Metaspace       used 20628K, capacity 21112K, committed 21248K, reserved 1067008K
  class space    used 2654K, capacity 2809K, committed 2816K, reserved 1048576K
Event: 1.320 GC heap after
Heap after GC invocations=6 (full 0):
 PSYoungGen      total 134144K, used 5200K [0x00000000d7700000, 0x00000000e0300000, 0x0000000100000000)
  eden space 124928K, 0% used [0x00000000d7700000,0x00000000d7700000,0x00000000df100000)
  from space 9216K, 56% used [0x00000000dfa00000,0x00000000dff14030,0x00000000e0300000)
  to   space 9216K, 0% used [0x00000000df100000,0x00000000df100000,0x00000000dfa00000)
 ParOldGen       total 83456K, used 5654K [0x0000000086400000, 0x000000008b580000, 0x00000000d7700000)
  object space 83456K, 6% used [0x0000000086400000,0x0000000086985b08,0x000000008b580000)
 Metaspace       used 20628K, capacity 21112K, committed 21248K, reserved 1067008K
  class space    used 2654K, capacity 2809K, committed 2816K, reserved 1048576K
}
Event: 1.320 GC heap before
{Heap before GC invocations=7 (full 1):
 PSYoungGen      total 134144K, used 5200K [0x00000000d7700000, 0x00000000e0300000, 0x0000000100000000)
  eden space 124928K, 0% used [0x00000000d7700000,0x00000000d7700000,0x00000000df100000)
  from space 9216K, 56% used [0x00000000dfa00000,0x00000000dff14030,0x00000000e0300000)
  to   space 9216K, 0% used [0x00000000df100000,0x00000000df100000,0x00000000dfa00000)
 ParOldGen       total 83456K, used 5654K [0x0000000086400000, 0x000000008b580000, 0x00000000d7700000)
  object space 83456K, 6% used [0x0000000086400000,0x0000000086985b08,0x000000008b580000)
 Metaspace       used 20628K, capacity 21112K, committed 21248K, reserved 1067008K
  class space    used 2654K, capacity 2809K, committed 2816K, reserved 1048576K
Event: 1.361 GC heap after
Heap after GC invocations=7 (full 1):
 PSYoungGen      total 134144K, used 0K [0x00000000d7700000, 0x00000000e0300000, 0x0000000100000000)
  eden space 124928K, 0% used [0x00000000d7700000,0x00000000d7700000,0x00000000df100000)
  from space 9216K, 0% used [0x00000000dfa00000,0x00000000dfa00000,0x00000000e0300000)
  to   space 9216K, 0% used [0x00000000df100000,0x00000000df100000,0x00000000dfa00000)
 ParOldGen       total 45568K, used 6378K [0x0000000086400000, 0x0000000089080000, 0x00000000d7700000)
  object space 45568K, 13% used [0x0000000086400000,0x0000000086a3aa68,0x0000000089080000)
 Metaspace       used 20628K, capacity 21112K, committed 21248K, reserved 1067008K
  class space    used 2654K, capacity 2809K, committed 2816K, reserved 1048576K
}
Event: 2.186 GC heap before
{Heap before GC invocations=8 (full 1):
 PSYoungGen      total 134144K, used 124928K [0x00000000d7700000, 0x00000000e0300000, 0x0000000100000000)
  eden space 124928K, 100% used [0x00000000d7700000,0x00000000df100000,0x00000000df100000)
  from space 9216K, 0% used [0x00000000dfa00000,0x00000000dfa00000,0x00000000e0300000)
  to   space 9216K, 0% used [0x00000000df100000,0x00000000df100000,0x00000000dfa00000)
 ParOldGen       total 45568K, used 6378K [0x0000000086400000, 0x0000000089080000, 0x00000000d7700000)
  object space 45568K, 13% used [0x0000000086400000,0x0000000086a3aa68,0x0000000089080000)
 Metaspace       used 23541K, capacity 24220K, committed 24448K, reserved 1071104K
  class space    used 2994K, capacity 3167K, committed 3200K, reserved 1048576K

