# JRE version: Java(TM) SE Runtime Environment (8.0_172-b11) (build 1.8.0_172-b11)
# Java VM: Java HotSpot(TM) 64-Bit Server VM (25.172-b11 mixed mode linux-amd64 compressed oops)
Heap:
 PSYoungGen      total 259584K, used 9720K [0x00000000d7700000, 0x00000000e7e00000, 0x0000000100000000)
  eden space 249856K, 0% used [0x00000000d7700000,0x00000000d7700000,0x00000000e6b00000)
  from space 9728K, 99% used [0x00000000e6b00000,0x00000000e747e198,0x00000000e7480000)
  to   space 9216K, 0% used [0x00000000e7500000,0x00000000e7500000,0x00000000e7e00000)
 ParOldGen       total 46080K, used 22659K [0x0000000086400000, 0x0000000089100000, 0x00000000d7700000)
  object space 46080K, 49% used [0x0000000086400000,0x0000000087a20c20,0x0000000089100000)
 Metaspace       used 24445K, capacity 25204K, committed 25340K, reserved 1071104K
  class space    used 3115K, capacity 3309K, committed 3324K, reserved 1048576K
GC Heap History (10 events):
Event: 1.296 GC heap after
Heap after GC invocations=3 (full 0):
 PSYoungGen      total 67584K, used 5115K [0x00000000d7700000, 0x00000000dfb00000, 0x0000000100000000)
  eden space 62464K, 0% used [0x00000000d7700000,0x00000000d7700000,0x00000000db400000)
  from space 5120K, 99% used [0x00000000db400000,0x00000000db8fed38,0x00000000db900000)
  to   space 5120K, 0% used [0x00000000df600000,0x00000000df600000,0x00000000dfb00000)
 ParOldGen       total 83456K, used 2186K [0x0000000086400000, 0x000000008b580000, 0x00000000d7700000)
  object space 83456K, 2% used [0x0000000086400000,0x0000000086622960,0x000000008b580000)
 Metaspace       used 15973K, capacity 16448K, committed 16640K, reserved 1062912K
  class space    used 2095K, capacity 2231K, committed 2304K, reserved 1048576K
}
Event: 1.519 GC heap before
{Heap before GC invocations=4 (full 0):
 PSYoungGen      total 67584K, used 67579K [0x00000000d7700000, 0x00000000dfb00000, 0x0000000100000000)
  eden space 62464K, 100% used [0x00000000d7700000,0x00000000db400000,0x00000000db400000)
  from space 5120K, 99% used [0x00000000db400000,0x00000000db8fed38,0x00000000db900000)
  to   space 5120K, 0% used [0x00000000df600000,0x00000000df600000,0x00000000dfb00000)
 ParOldGen       total 83456K, used 2277K [0x0000000086400000, 0x000000008b580000, 0x00000000d7700000)
  object space 83456K, 2% used [0x0000000086400000,0x0000000086639620,0x000000008b580000)
 Metaspace       used 20188K, capacity 20736K, committed 20992K, reserved 1067008K
  class space    used 2592K, capacity 2747K, committed 2816K, reserved 1048576K
Event: 1.529 GC heap after
Heap after GC invocations=4 (full 0):
 PSYoungGen      total 130048K, used 5104K [0x00000000d7700000, 0x00000000dfb00000, 0x0000000100000000)
  eden space 124928K, 0% used [0x00000000d7700000,0x00000000d7700000,0x00000000df100000)
  from space 5120K, 99% used [0x00000000df600000,0x00000000dfafc010,0x00000000dfb00000)
  to   space 5120K, 0% used [0x00000000df100000,0x00000000df100000,0x00000000df600000)
 ParOldGen       total 83456K, used 7275K [0x0000000086400000, 0x000000008b580000, 0x00000000d7700000)
  object space 83456K, 8% used [0x0000000086400000,0x0000000086b1ade0,0x000000008b580000)
 Metaspace       used 20188K, capacity 20736K, committed 20992K, reserved 1067008K
  class space    used 2592K, capacity 2747K, committed 2816K, reserved 1048576K
}
Event: 1.561 GC heap before
{Heap before GC invocations=5 (full 0):
 PSYoungGen      total 130048K, used 11235K [0x00000000d7700000, 0x00000000dfb00000, 0x0000000100000000)
  eden space 124928K, 4% used [0x00000000d7700000,0x00000000d7cfcc40,0x00000000df100000)
  from space 5120K, 99% used [0x00000000df600000,0x00000000dfafc010,0x00000000dfb00000)
  to   space 5120K, 0% used [0x00000000df100000,0x00000000df100000,0x00000000df600000)
 ParOldGen       total 83456K, used 7275K [0x0000000086400000, 0x000000008b580000, 0x00000000d7700000)
  object space 83456K, 8% used [0x0000000086400000,0x0000000086b1ade0,0x000000008b580000)
 Metaspace       used 20629K, capacity 21184K, committed 21504K, reserved 1069056K
  class space    used 2645K, capacity 2811K, committed 2816K, reserved 1048576K
Event: 1.578 GC heap after
Heap after GC invocations=5 (full 0):
 PSYoungGen      total 130048K, used 5120K [0x00000000d7700000, 0x00000000e7f00000, 0x0000000100000000)
  eden space 124928K, 0% used [0x00000000d7700000,0x00000000d7700000,0x00000000df100000)
  from space 5120K, 100% used [0x00000000df100000,0x00000000df600000,0x00000000df600000)
  to   space 10240K, 0% used [0x00000000e7500000,0x00000000e7500000,0x00000000e7f00000)
 ParOldGen       total 83456K, used 7992K [0x0000000086400000, 0x000000008b580000, 0x00000000d7700000)
  object space 83456K, 9% used [0x0000000086400000,0x0000000086bce3d8,0x000000008b580000)
 Metaspace       used 20629K, capacity 21184K, committed 21504K, reserved 1069056K
  class space    used 2645K, capacity 2811K, committed 2816K, reserved 1048576K
}
Event: 1.591 GC heap before
{Heap before GC invocations=6 (full 0):
 PSYoungGen      total 130048K, used 9760K [0x00000000d7700000, 0x00000000e7f00000, 0x0000000100000000)
  eden space 124928K, 3% used [0x00000000d7700000,0x00000000d7b883d0,0x00000000df100000)
  from space 5120K, 100% used [0x00000000df100000,0x00000000df600000,0x00000000df600000)
  to   space 10240K, 0% used [0x00000000e7500000,0x00000000e7500000,0x00000000e7f00000)
 ParOldGen       total 83456K, used 7992K [0x0000000086400000, 0x000000008b580000, 0x00000000d7700000)
  object space 83456K, 9% used [0x0000000086400000,0x0000000086bce3d8,0x000000008b580000)
 Metaspace       used 20907K, capacity 21408K, committed 21628K, reserved 1069056K
  class space    used 2672K, capacity 2843K, committed 2940K, reserved 1048576K
Event: 1.597 GC heap after
Heap after GC invocations=6 (full 0):
 PSYoungGen      total 259072K, used 5472K [0x00000000d7700000, 0x00000000e7e00000, 0x0000000100000000)
  eden space 249856K, 0% used [0x00000000d7700000,0x00000000d7700000,0x00000000e6b00000)
  from space 9216K, 59% used [0x00000000e7500000,0x00000000e7a58000,0x00000000e7e00000)
  to   space 9728K, 0% used [0x00000000e6b00000,0x00000000e6b00000,0x00000000e7480000)
 ParOldGen       total 83456K, used 8000K [0x0000000086400000, 0x000000008b580000, 0x00000000d7700000)
  object space 83456K, 9% used [0x0000000086400000,0x0000000086bd03d8,0x000000008b580000)
 Metaspace       used 20907K, capacity 21408K, committed 21628K, reserved 1069056K
  class space    used 2672K, capacity 2843K, committed 2940K, reserved 1048576K
}
Event: 1.597 GC heap before
{Heap before GC invocations=7 (full 1):
 PSYoungGen      total 259072K, used 5472K [0x00000000d7700000, 0x00000000e7e00000, 0x0000000100000000)
  eden space 249856K, 0% used [0x00000000d7700000,0x00000000d7700000,0x00000000e6b00000)
  from space 9216K, 59% used [0x00000000e7500000,0x00000000e7a58000,0x00000000e7e00000)
  to   space 9728K, 0% used [0x00000000e6b00000,0x00000000e6b00000,0x00000000e7480000)
 ParOldGen       total 83456K, used 8000K [0x0000000086400000, 0x000000008b580000, 0x00000000d7700000)
  object space 83456K, 9% used [0x0000000086400000,0x0000000086bd03d8,0x000000008b580000)
 Metaspace       used 20907K, capacity 21408K, committed 21628K, reserved 1069056K
  class space    used 2672K, capacity 2843K, committed 2940K, reserved 1048576K
Event: 1.623 GC heap after
Heap after GC invocations=7 (full 1):
 PSYoungGen      total 259072K, used 0K [0x00000000d7700000, 0x00000000e7e00000, 0x0000000100000000)
  eden space 249856K, 0% used [0x00000000d7700000,0x00000000d7700000,0x00000000e6b00000)
  from space 9216K, 0% used [0x00000000e7500000,0x00000000e7500000,0x00000000e7e00000)
  to   space 9728K, 0% used [0x00000000e6b00000,0x00000000e6b00000,0x00000000e7480000)
 ParOldGen       total 46080K, used 6787K [0x0000000086400000, 0x0000000089100000, 0x00000000d7700000)
  object space 46080K, 14% used [0x0000000086400000,0x0000000086aa0c48,0x0000000089100000)
 Metaspace       used 20907K, capacity 21408K, committed 21628K, reserved 1069056K
  class space    used 2672K, capacity 2843K, committed 2940K, reserved 1048576K
}
Event: 2.534 GC heap before
{Heap before GC invocations=8 (full 1):
 PSYoungGen      total 259072K, used 249856K [0x00000000d7700000, 0x00000000e7e00000, 0x0000000100000000)
  eden space 249856K, 100% used [0x00000000d7700000,0x00000000e6b00000,0x00000000e6b00000)
  from space 9216K, 0% used [0x00000000e7500000,0x00000000e7500000,0x00000000e7e00000)
  to   space 9728K, 0% used [0x00000000e6b00000,0x00000000e6b00000,0x00000000e7480000)
 ParOldGen       total 46080K, used 6787K [0x0000000086400000, 0x0000000089100000, 0x00000000d7700000)
  object space 46080K, 14% used [0x0000000086400000,0x0000000086aa0c48,0x0000000089100000)
 Metaspace       used 24445K, capacity 25204K, committed 25340K, reserved 1071104K
  class space    used 3115K, capacity 3309K, committed 3324K, reserved 1048576K

